::1 - - [12/Mar/2025:22:00:05 +0000] "POST /movies/rate HTTP/1.1" 200 1467 "-" "PostmanRuntime/7.43.0"
::1 - - [12/Mar/2025:22:07:21 +0000] "POST /movies/rate HTTP/1.1" 403 46 "-" "PostmanRuntime/7.43.0"
::1 - - [12/Mar/2025:22:07:58 +0000] "POST /movies/rate HTTP/1.1" 403 46 "-" "PostmanRuntime/7.43.0"
::1 - - [12/Mar/2025:22:14:57 +0000] "POST /movies/rate HTTP/1.1" 200 1505 "-" "PostmanRuntime/7.43.0"
::1 - - [12/Mar/2025:22:15:10 +0000] "POST /movies/rate HTTP/1.1" 403 46 "-" "PostmanRuntime/7.43.0"
::1 - - [12/Mar/2025:22:15:48 +0000] "POST /movies/rate HTTP/1.1" 403 46 "-" "PostmanRuntime/7.43.0"
::1 - - [12/Mar/2025:22:16:09 +0000] "POST /movies/rate HTTP/1.1" 403 46 "-" "PostmanRuntime/7.43.0"
::1 - - [12/Mar/2025:22:16:35 +0000] "GET /movies/573a1391f29313caabcd6ea2 HTTP/1.1" 200 1505 "-" "PostmanRuntime/7.43.0"
::1 - - [12/Mar/2025:22:20:17 +0000] "POST /movies/rate HTTP/1.1" 403 46 "-" "PostmanRuntime/7.43.0"
::1 - - [12/Mar/2025:22:20:33 +0000] "POST /movies/rate HTTP/1.1" 200 1505 "-" "PostmanRuntime/7.43.0"
::1 - - [12/Mar/2025:22:22:08 +0000] "POST /movies/rate HTTP/1.1" 403 46 "-" "PostmanRuntime/7.43.0"
::1 - - [12/Mar/2025:22:22:21 +0000] "POST /movies/rate HTTP/1.1" 200 1505 "-" "PostmanRuntime/7.43.0"
::1 - - [12/Mar/2025:22:22:40 +0000] "POST /movies/rate HTTP/1.1" 200 1505 "-" "PostmanRuntime/7.43.0"
::1 - - [12/Mar/2025:22:23:29 +0000] "POST /movies/rate HTTP/1.1" 200 1505 "-" "PostmanRuntime/7.43.0"
::1 - - [12/Mar/2025:22:24:23 +0000] "POST /movies/rate HTTP/1.1" 200 1505 "-" "PostmanRuntime/7.43.0"
::1 - - [12/Mar/2025:22:25:17 +0000] "POST /movies/rate HTTP/1.1" 200 1214 "-" "PostmanRuntime/7.43.0"
::1 - - [12/Mar/2025:22:25:22 +0000] "POST /movies/rate HTTP/1.1" 200 1214 "-" "PostmanRuntime/7.43.0"
::1 - - [12/Mar/2025:22:27:00 +0000] "POST /movies/rate HTTP/1.1" 200 1214 "-" "PostmanRuntime/7.43.0"
::1 - - [12/Mar/2025:22:27:16 +0000] "POST /movies/rate HTTP/1.1" 200 1214 "-" "PostmanRuntime/7.43.0"
::1 - - [12/Mar/2025:22:36:16 +0000] "POST /movies/rate HTTP/1.1" 403 13 "-" "PostmanRuntime/7.43.0"
::1 - - [12/Mar/2025:22:36:34 +0000] "POST /movies/rate HTTP/1.1" 200 1214 "-" "PostmanRuntime/7.43.0"
::1 - - [12/Mar/2025:22:36:48 +0000] "POST /movies/rate HTTP/1.1" 403 13 "-" "PostmanRuntime/7.43.0"
::1 - - [12/Mar/2025:22:38:23 +0000] "POST /movies/rate HTTP/1.1" 403 13 "-" "PostmanRuntime/7.43.0"
::1 - - [12/Mar/2025:22:38:35 +0000] "POST /movies/rate HTTP/1.1" 403 13 "-" "PostmanRuntime/7.43.0"
::1 - - [12/Mar/2025:22:39:56 +0000] "POST /movies/rate HTTP/1.1" - - "-" "PostmanRuntime/7.43.0"
::1 - - [12/Mar/2025:22:42:04 +0000] "POST /movies/rate HTTP/1.1" - - "-" "PostmanRuntime/7.43.0"
::1 - - [12/Mar/2025:22:42:10 +0000] "POST /movies/rate HTTP/1.1" - - "-" "PostmanRuntime/7.43.0"
::1 - - [12/Mar/2025:22:42:17 +0000] "POST /movies/rate HTTP/1.1" 403 44 "-" "PostmanRuntime/7.43.0"
::1 - - [12/Mar/2025:22:42:46 +0000] "POST /movies/rate HTTP/1.1" 403 44 "-" "PostmanRuntime/7.43.0"
::1 - - [12/Mar/2025:22:42:53 +0000] "POST /accounts/login HTTP/1.1" 200 223 "-" "PostmanRuntime/7.43.0"
::1 - - [12/Mar/2025:22:42:57 +0000] "POST /movies/rate HTTP/1.1" 403 44 "-" "PostmanRuntime/7.43.0"
::1 - - [12/Mar/2025:22:43:07 +0000] "POST /movies/rate HTTP/1.1" 200 1254 "-" "PostmanRuntime/7.43.0"
::1 - - [12/Mar/2025:22:43:13 +0000] "POST /movies/rate HTTP/1.1" 403 46 "-" "PostmanRuntime/7.43.0"
::1 - - [12/Mar/2025:22:43:35 +0000] "GET /movies/573a1390f29313caabcd446f HTTP/1.1" 200 1254 "-" "PostmanRuntime/7.43.0"
::1 - - [12/Mar/2025:22:56:16 +0000] "GET /movies/573a1390f29313caabcd446f HTTP/1.1" 200 1254 "-" "PostmanRuntime/7.43.0"
::1 - - [12/Mar/2025:22:56:27 +0000] "GET /movies/573a1390f29313caabcd446f HTTP/1.1" 200 1254 "-" "PostmanRuntime/7.43.0"
::1 - - [12/Mar/2025:22:56:54 +0000] "POST /accounts/login HTTP/1.1" 200 209 "-" "PostmanRuntime/7.43.0"
::1 - - [12/Mar/2025:22:57:00 +0000] "GET /movies/573a1390f29313caabcd446f HTTP/1.1" 500 25 "-" "PostmanRuntime/7.43.0"
::1 - - [12/Mar/2025:22:57:17 +0000] "GET /movies/573a1390f29313caabcd446f HTTP/1.1" 403 13 "-" "PostmanRuntime/7.43.0"
::1 - - [12/Mar/2025:22:57:43 +0000] "POST /accounts/user HTTP/1.1" 201 226 "-" "PostmanRuntime/7.43.0"
::1 - - [12/Mar/2025:22:58:08 +0000] "POST /accounts/login HTTP/1.1" 200 212 "-" "PostmanRuntime/7.43.0"
::1 - - [12/Mar/2025:22:58:13 +0000] "GET /movies/573a1390f29313caabcd446f HTTP/1.1" 403 13 "-" "PostmanRuntime/7.43.0"
::1 - - [12/Mar/2025:23:00:51 +0000] "GET /movies/573a1390f29313caabcd446f HTTP/1.1" 403 13 "-" "PostmanRuntime/7.43.0"
::1 - - [12/Mar/2025:23:10:19 +0000] "GET /movies/573a1390f29313caabcd446f HTTP/1.1" 500 59 "-" "PostmanRuntime/7.43.0"
::1 - - [12/Mar/2025:23:11:13 +0000] "GET /movies/573a1390f29313caabcd446f HTTP/1.1" 403 13 "-" "PostmanRuntime/7.43.0"
::1 - - [12/Mar/2025:23:11:37 +0000] "GET /accounts/user159@gmail.com HTTP/1.1" 200 226 "-" "PostmanRuntime/7.43.0"
::1 - - [12/Mar/2025:23:11:42 +0000] "GET /movies/573a1390f29313caabcd446f HTTP/1.1" 403 13 "-" "PostmanRuntime/7.43.0"
::1 - - [12/Mar/2025:23:11:50 +0000] "GET /movies/573a1390f29313caabcd446f HTTP/1.1" 403 13 "-" "PostmanRuntime/7.43.0"
::1 - - [12/Mar/2025:23:11:52 +0000] "GET /movies/573a1390f29313caabcd446f HTTP/1.1" 403 13 "-" "PostmanRuntime/7.43.0"
::1 - - [12/Mar/2025:23:11:54 +0000] "GET /movies/573a1390f29313caabcd446f HTTP/1.1" 403 13 "-" "PostmanRuntime/7.43.0"
::1 - - [12/Mar/2025:23:11:55 +0000] "GET /movies/573a1390f29313caabcd446f HTTP/1.1" 403 13 "-" "PostmanRuntime/7.43.0"
::1 - - [12/Mar/2025:23:11:56 +0000] "GET /movies/573a1390f29313caabcd446f HTTP/1.1" 403 13 "-" "PostmanRuntime/7.43.0"
::1 - - [12/Mar/2025:23:11:57 +0000] "GET /movies/573a1390f29313caabcd446f HTTP/1.1" 403 13 "-" "PostmanRuntime/7.43.0"
::1 - - [12/Mar/2025:23:11:58 +0000] "GET /movies/573a1390f29313caabcd446f HTTP/1.1" 403 13 "-" "PostmanRuntime/7.43.0"
::1 - - [12/Mar/2025:23:12:00 +0000] "GET /movies/573a1390f29313caabcd446f HTTP/1.1" 403 13 "-" "PostmanRuntime/7.43.0"
::1 - - [12/Mar/2025:23:12:01 +0000] "GET /movies/573a1390f29313caabcd446f HTTP/1.1" 429 17 "-" "PostmanRuntime/7.43.0"
::1 - - [12/Mar/2025:23:12:03 +0000] "GET /movies/573a1390f29313caabcd446f HTTP/1.1" 429 17 "-" "PostmanRuntime/7.43.0"
::1 - - [12/Mar/2025:23:12:05 +0000] "GET /movies/573a1390f29313caabcd446f HTTP/1.1" 429 17 "-" "PostmanRuntime/7.43.0"
::1 - - [12/Mar/2025:23:14:37 +0000] "GET /movies/573a1390f29313caabcd446f HTTP/1.1" 429 17 "-" "PostmanRuntime/7.43.0"
::1 - - [12/Mar/2025:23:14:48 +0000] "POST /accounts/user HTTP/1.1" 201 226 "-" "PostmanRuntime/7.43.0"
::1 - - [12/Mar/2025:23:14:54 +0000] "POST /accounts/login HTTP/1.1" 200 212 "-" "PostmanRuntime/7.43.0"
::1 - - [12/Mar/2025:23:15:01 +0000] "GET /movies/573a1390f29313caabcd446f HTTP/1.1" 403 13 "-" "PostmanRuntime/7.43.0"
::1 - - [12/Mar/2025:23:15:18 +0000] "POST /movies/rate HTTP/1.1" 403 33 "-" "PostmanRuntime/7.43.0"
::1 - - [12/Mar/2025:23:15:37 +0000] "GET /movies/mostcommented?amount=5&actor=DiCaprio&language=English&genres=Drama HTTP/1.1" 403 13 "-" "PostmanRuntime/7.43.0"
::1 - - [12/Mar/2025:23:16:16 +0000] "GET /movies/mostcommented?amount=5&actor=DiCaprio&language=English&genres=Drama HTTP/1.1" 200 443 "-" "PostmanRuntime/7.43.0"
::1 - - [12/Mar/2025:23:19:19 +0000] "GET /movies/573a1390f29313caabcd446f HTTP/1.1" 200 1254 "-" "PostmanRuntime/7.43.0"
::1 - - [12/Mar/2025:23:19:27 +0000] "GET /movies/573a1390f29313caabcd446f HTTP/1.1" 429 17 "-" "PostmanRuntime/7.43.0"
::1 - - [12/Mar/2025:23:19:42 +0000] "POST /accounts/user HTTP/1.1" 201 226 "-" "PostmanRuntime/7.43.0"
::1 - - [12/Mar/2025:23:19:51 +0000] "POST /accounts/login HTTP/1.1" 200 212 "-" "PostmanRuntime/7.43.0"
::1 - - [12/Mar/2025:23:20:17 +0000] "POST /movies/rate HTTP/1.1" 403 33 "-" "PostmanRuntime/7.43.0"
::1 - - [12/Mar/2025:23:20:23 +0000] "GET /movies/573a1390f29313caabcd446f HTTP/1.1" 200 1254 "-" "PostmanRuntime/7.43.0"
::1 - - [12/Mar/2025:23:20:29 +0000] "GET /movies/573a1390f29313caabcd446f HTTP/1.1" 429 17 "-" "PostmanRuntime/7.43.0"
::1 - - [12/Mar/2025:23:22:16 +0000] "POST /accounts/user HTTP/1.1" 201 235 "-" "PostmanRuntime/7.43.0"
::1 - - [12/Mar/2025:23:22:31 +0000] "POST /accounts/login HTTP/1.1" 200 212 "-" "PostmanRuntime/7.43.0"
::1 - - [12/Mar/2025:23:22:37 +0000] "GET /movies/573a1390f29313caabcd446f HTTP/1.1" 429 17 "-" "PostmanRuntime/7.43.0"
::1 - - [12/Mar/2025:23:26:26 +0000] "GET /movies/573a1390f29313caabcd446f HTTP/1.1" 429 19 "-" "PostmanRuntime/7.43.0"
::1 - - [12/Mar/2025:23:26:56 +0000] "GET /movies/573a1390f29313caabcd446f HTTP/1.1" 429 19 "-" "PostmanRuntime/7.43.0"
::1 - - [12/Mar/2025:23:27:15 +0000] "GET /movies/573a1390f29313caabcd446f HTTP/1.1" 429 19 "-" "PostmanRuntime/7.43.0"
::1 - - [12/Mar/2025:23:27:45 +0000] "GET /movies/573a1390f29313caabcd446f HTTP/1.1" 200 1254 "-" "PostmanRuntime/7.43.0"
::1 - - [12/Mar/2025:23:28:03 +0000] "GET /movies/573a1390f29313caabcd446f HTTP/1.1" 200 1254 "-" "PostmanRuntime/7.43.0"
